<?xml version="1.0" encoding="UTF-8" ?>
<testsuite failures="0" time="7.803" errors="0" skipped="0" tests="1" name="org.activiti.designer.test.TestParallelJobException">
  <properties>
    <property name="java.runtime.name" value="Java(TM) SE Runtime Environment"/>
    <property name="sun.boot.library.path" value="/Library/Java/JavaVirtualMachines/jdk1.7.0_45.jdk/Contents/Home/jre/lib"/>
    <property name="java.vm.version" value="24.45-b08"/>
    <property name="gopherProxySet" value="false"/>
    <property name="java.vm.vendor" value="Oracle Corporation"/>
    <property name="java.vendor.url" value="http://java.oracle.com/"/>
    <property name="path.separator" value=":"/>
    <property name="java.vm.name" value="Java HotSpot(TM) 64-Bit Server VM"/>
    <property name="file.encoding.pkg" value="sun.io"/>
    <property name="user.country" value="US"/>
    <property name="sun.java.launcher" value="SUN_STANDARD"/>
    <property name="sun.os.patch.level" value="unknown"/>
    <property name="java.vm.specification.name" value="Java Virtual Machine Specification"/>
    <property name="user.dir" value="/Users/rberg/code/misc/TestJobException"/>
    <property name="java.runtime.version" value="1.7.0_45-b18"/>
    <property name="java.awt.graphicsenv" value="sun.awt.CGraphicsEnvironment"/>
    <property name="basedir" value="/Users/rberg/code/misc/TestJobException"/>
    <property name="java.endorsed.dirs" value="/Library/Java/JavaVirtualMachines/jdk1.7.0_45.jdk/Contents/Home/jre/lib/endorsed"/>
    <property name="os.arch" value="x86_64"/>
    <property name="surefire.real.class.path" value="/Users/rberg/code/misc/TestJobException/target/surefire/surefirebooter2683583377204166556.jar"/>
    <property name="java.io.tmpdir" value="/var/folders/pf/mcv2nl1j1nd4h583dcyzvwkh0000gn/T/"/>
    <property name="line.separator" value="
"/>
    <property name="java.vm.specification.vendor" value="Oracle Corporation"/>
    <property name="os.name" value="Mac OS X"/>
    <property name="sun.jnu.encoding" value="UTF-8"/>
    <property name="java.library.path" value="/Users/rberg/Library/Java/Extensions:/Library/Java/Extensions:/Network/Library/Java/Extensions:/System/Library/Java/Extensions:/usr/lib/java:."/>
    <property name="surefire.test.class.path" value="/Users/rberg/code/misc/TestJobException/target/test-classes:/Users/rberg/code/misc/TestJobException/target/classes:/Users/rberg/.m2/repository/org/activiti/activiti-engine/5.14/activiti-engine-5.14.jar:/Users/rberg/.m2/repository/org/activiti/activiti-bpmn-converter/5.14/activiti-bpmn-converter-5.14.jar:/Users/rberg/.m2/repository/org/activiti/activiti-bpmn-model/5.14/activiti-bpmn-model-5.14.jar:/Users/rberg/.m2/repository/org/codehaus/jackson/jackson-core-asl/1.9.9/jackson-core-asl-1.9.9.jar:/Users/rberg/.m2/repository/org/apache/commons/commons-email/1.2/commons-email-1.2.jar:/Users/rberg/.m2/repository/javax/mail/mail/1.4.1/mail-1.4.1.jar:/Users/rberg/.m2/repository/javax/activation/activation/1.1/activation-1.1.jar:/Users/rberg/.m2/repository/org/apache/commons/commons-lang3/3.1/commons-lang3-3.1.jar:/Users/rberg/.m2/repository/org/mybatis/mybatis/3.2.2/mybatis-3.2.2.jar:/Users/rberg/.m2/repository/org/springframework/spring-beans/3.1.2.RELEASE/spring-beans-3.1.2.RELEASE.jar:/Users/rberg/.m2/repository/org/springframework/spring-core/3.1.2.RELEASE/spring-core-3.1.2.RELEASE.jar:/Users/rberg/.m2/repository/commons-logging/commons-logging/1.1.1/commons-logging-1.1.1.jar:/Users/rberg/.m2/repository/joda-time/joda-time/2.1/joda-time-2.1.jar:/Users/rberg/.m2/repository/org/slf4j/jcl-over-slf4j/1.7.2/jcl-over-slf4j-1.7.2.jar:/Users/rberg/.m2/repository/org/activiti/activiti-spring/5.14/activiti-spring-5.14.jar:/Users/rberg/.m2/repository/org/springframework/spring-context/3.1.2.RELEASE/spring-context-3.1.2.RELEASE.jar:/Users/rberg/.m2/repository/org/springframework/spring-aop/3.1.2.RELEASE/spring-aop-3.1.2.RELEASE.jar:/Users/rberg/.m2/repository/org/springframework/spring-expression/3.1.2.RELEASE/spring-expression-3.1.2.RELEASE.jar:/Users/rberg/.m2/repository/org/springframework/spring-asm/3.1.2.RELEASE/spring-asm-3.1.2.RELEASE.jar:/Users/rberg/.m2/repository/org/springframework/spring-jdbc/3.1.2.RELEASE/spring-jdbc-3.1.2.RELEASE.jar:/Users/rberg/.m2/repository/org/springframework/spring-tx/3.1.2.RELEASE/spring-tx-3.1.2.RELEASE.jar:/Users/rberg/.m2/repository/aopalliance/aopalliance/1.0/aopalliance-1.0.jar:/Users/rberg/.m2/repository/org/springframework/spring-orm/3.1.2.RELEASE/spring-orm-3.1.2.RELEASE.jar:/Users/rberg/.m2/repository/commons-dbcp/commons-dbcp/1.4/commons-dbcp-1.4.jar:/Users/rberg/.m2/repository/commons-pool/commons-pool/1.5.4/commons-pool-1.5.4.jar:/Users/rberg/.m2/repository/org/codehaus/groovy/groovy-all/2.0.4/groovy-all-2.0.4.jar:/Users/rberg/.m2/repository/com/h2database/h2/1.3.168/h2-1.3.168.jar:/Users/rberg/.m2/repository/org/slf4j/slf4j-api/1.7.2/slf4j-api-1.7.2.jar:/Users/rberg/.m2/repository/org/slf4j/slf4j-jdk14/1.7.2/slf4j-jdk14-1.7.2.jar:/Users/rberg/.m2/repository/junit/junit/4.11/junit-4.11.jar:/Users/rberg/.m2/repository/org/hamcrest/hamcrest-core/1.3/hamcrest-core-1.3.jar:"/>
    <property name="sun.awt.enableExtraMouseButtons" value="true"/>
    <property name="java.specification.name" value="Java Platform API Specification"/>
    <property name="java.class.version" value="51.0"/>
    <property name="sun.management.compiler" value="HotSpot 64-Bit Tiered Compilers"/>
    <property name="os.version" value="10.8.5"/>
    <property name="http.nonProxyHosts" value="local|*.local|169.254/16|*.169.254/16|inbcu.com|*.inbcu.com|tfayd.com|*.tfayd.com"/>
    <property name="user.home" value="/Users/rberg"/>
    <property name="user.timezone" value="America/Los_Angeles"/>
    <property name="java.awt.printerjob" value="sun.lwawt.macosx.CPrinterJob"/>
    <property name="java.specification.version" value="1.7"/>
    <property name="file.encoding" value="UTF-8"/>
    <property name="user.name" value="rberg"/>
    <property name="java.class.path" value="/Users/rberg/code/misc/TestJobException/target/test-classes:/Users/rberg/code/misc/TestJobException/target/classes:/Users/rberg/.m2/repository/org/activiti/activiti-engine/5.14/activiti-engine-5.14.jar:/Users/rberg/.m2/repository/org/activiti/activiti-bpmn-converter/5.14/activiti-bpmn-converter-5.14.jar:/Users/rberg/.m2/repository/org/activiti/activiti-bpmn-model/5.14/activiti-bpmn-model-5.14.jar:/Users/rberg/.m2/repository/org/codehaus/jackson/jackson-core-asl/1.9.9/jackson-core-asl-1.9.9.jar:/Users/rberg/.m2/repository/org/apache/commons/commons-email/1.2/commons-email-1.2.jar:/Users/rberg/.m2/repository/javax/mail/mail/1.4.1/mail-1.4.1.jar:/Users/rberg/.m2/repository/javax/activation/activation/1.1/activation-1.1.jar:/Users/rberg/.m2/repository/org/apache/commons/commons-lang3/3.1/commons-lang3-3.1.jar:/Users/rberg/.m2/repository/org/mybatis/mybatis/3.2.2/mybatis-3.2.2.jar:/Users/rberg/.m2/repository/org/springframework/spring-beans/3.1.2.RELEASE/spring-beans-3.1.2.RELEASE.jar:/Users/rberg/.m2/repository/org/springframework/spring-core/3.1.2.RELEASE/spring-core-3.1.2.RELEASE.jar:/Users/rberg/.m2/repository/commons-logging/commons-logging/1.1.1/commons-logging-1.1.1.jar:/Users/rberg/.m2/repository/joda-time/joda-time/2.1/joda-time-2.1.jar:/Users/rberg/.m2/repository/org/slf4j/jcl-over-slf4j/1.7.2/jcl-over-slf4j-1.7.2.jar:/Users/rberg/.m2/repository/org/activiti/activiti-spring/5.14/activiti-spring-5.14.jar:/Users/rberg/.m2/repository/org/springframework/spring-context/3.1.2.RELEASE/spring-context-3.1.2.RELEASE.jar:/Users/rberg/.m2/repository/org/springframework/spring-aop/3.1.2.RELEASE/spring-aop-3.1.2.RELEASE.jar:/Users/rberg/.m2/repository/org/springframework/spring-expression/3.1.2.RELEASE/spring-expression-3.1.2.RELEASE.jar:/Users/rberg/.m2/repository/org/springframework/spring-asm/3.1.2.RELEASE/spring-asm-3.1.2.RELEASE.jar:/Users/rberg/.m2/repository/org/springframework/spring-jdbc/3.1.2.RELEASE/spring-jdbc-3.1.2.RELEASE.jar:/Users/rberg/.m2/repository/org/springframework/spring-tx/3.1.2.RELEASE/spring-tx-3.1.2.RELEASE.jar:/Users/rberg/.m2/repository/aopalliance/aopalliance/1.0/aopalliance-1.0.jar:/Users/rberg/.m2/repository/org/springframework/spring-orm/3.1.2.RELEASE/spring-orm-3.1.2.RELEASE.jar:/Users/rberg/.m2/repository/commons-dbcp/commons-dbcp/1.4/commons-dbcp-1.4.jar:/Users/rberg/.m2/repository/commons-pool/commons-pool/1.5.4/commons-pool-1.5.4.jar:/Users/rberg/.m2/repository/org/codehaus/groovy/groovy-all/2.0.4/groovy-all-2.0.4.jar:/Users/rberg/.m2/repository/com/h2database/h2/1.3.168/h2-1.3.168.jar:/Users/rberg/.m2/repository/org/slf4j/slf4j-api/1.7.2/slf4j-api-1.7.2.jar:/Users/rberg/.m2/repository/org/slf4j/slf4j-jdk14/1.7.2/slf4j-jdk14-1.7.2.jar:/Users/rberg/.m2/repository/junit/junit/4.11/junit-4.11.jar:/Users/rberg/.m2/repository/org/hamcrest/hamcrest-core/1.3/hamcrest-core-1.3.jar:"/>
    <property name="java.vm.specification.version" value="1.7"/>
    <property name="sun.arch.data.model" value="64"/>
    <property name="java.home" value="/Library/Java/JavaVirtualMachines/jdk1.7.0_45.jdk/Contents/Home/jre"/>
    <property name="sun.java.command" value="/Users/rberg/code/misc/TestJobException/target/surefire/surefirebooter2683583377204166556.jar /Users/rberg/code/misc/TestJobException/target/surefire/surefire3504736082330920356tmp /Users/rberg/code/misc/TestJobException/target/surefire/surefire1838537124100204350tmp"/>
    <property name="java.specification.vendor" value="Oracle Corporation"/>
    <property name="user.language" value="en"/>
    <property name="awt.toolkit" value="sun.lwawt.macosx.LWCToolkit"/>
    <property name="java.vm.info" value="mixed mode"/>
    <property name="java.version" value="1.7.0_45"/>
    <property name="java.ext.dirs" value="/Users/rberg/Library/Java/Extensions:/Library/Java/JavaVirtualMachines/jdk1.7.0_45.jdk/Contents/Home/jre/lib/ext:/Library/Java/Extensions:/Network/Library/Java/Extensions:/System/Library/Java/Extensions:/usr/lib/java"/>
    <property name="sun.boot.class.path" value="/Library/Java/JavaVirtualMachines/jdk1.7.0_45.jdk/Contents/Home/jre/lib/resources.jar:/Library/Java/JavaVirtualMachines/jdk1.7.0_45.jdk/Contents/Home/jre/lib/rt.jar:/Library/Java/JavaVirtualMachines/jdk1.7.0_45.jdk/Contents/Home/jre/lib/sunrsasign.jar:/Library/Java/JavaVirtualMachines/jdk1.7.0_45.jdk/Contents/Home/jre/lib/jsse.jar:/Library/Java/JavaVirtualMachines/jdk1.7.0_45.jdk/Contents/Home/jre/lib/jce.jar:/Library/Java/JavaVirtualMachines/jdk1.7.0_45.jdk/Contents/Home/jre/lib/charsets.jar:/Library/Java/JavaVirtualMachines/jdk1.7.0_45.jdk/Contents/Home/jre/lib/jfr.jar:/Library/Java/JavaVirtualMachines/jdk1.7.0_45.jdk/Contents/Home/jre/lib/JObjC.jar:/Library/Java/JavaVirtualMachines/jdk1.7.0_45.jdk/Contents/Home/jre/classes"/>
    <property name="java.vendor" value="Oracle Corporation"/>
    <property name="localRepository" value="/Users/rberg/.m2/repository"/>
    <property name="file.separator" value="/"/>
    <property name="java.vendor.url.bug" value="http://bugreport.sun.com/bugreport/"/>
    <property name="sun.cpu.endian" value="little"/>
    <property name="sun.io.unicode.encoding" value="UnicodeBig"/>
    <property name="sun.font.fontmanager" value="sun.font.CFontManager"/>
    <property name="socksNonProxyHosts" value="local|*.local|169.254/16|*.169.254/16|inbcu.com|*.inbcu.com|tfayd.com|*.tfayd.com"/>
    <property name="ftp.nonProxyHosts" value="local|*.local|169.254/16|*.169.254/16|inbcu.com|*.inbcu.com|tfayd.com|*.tfayd.com"/>
    <property name="sun.cpu.isalist" value=""/>
  </properties>
  <testcase time="7.75" classname="org.activiti.designer.test.TestParallelJobException" name="startProcess"/>
</testsuite>